<?xml version='1.0' encoding='UTF-8'?>
<testsuite hostname="dhcppc4" name="scaldb.CoreArrayDoubleSpec" tests="7" errors="0" failures="0" time="0.033">
                     <properties>
[...]
</properties>
                     <testcase classname="scaldb.CoreArrayDoubleSpec" name="The coreArrayDouble class should have an type" time="0.017">
                                                 
                                               </testcase><testcase classname="scaldb.CoreArrayDoubleSpec" name="The coreArrayDouble class should have a setter for double in array" time="0.005">
                                                 
                                               </testcase><testcase classname="scaldb.CoreArrayDoubleSpec" name="The coreArrayDouble class should have a setter for an array key returning a double array type" time="0.0">
                                                 
                                               </testcase><testcase classname="scaldb.CoreArrayDoubleSpec" name="The coreArrayDouble class should have a getter for a double array key" time="0.0">
                                                 
                                               </testcase><testcase classname="scaldb.CoreArrayDoubleSpec" name="The coreArrayDouble class should have a getter for a double array with these type" time="0.001">
                                                 
                                               </testcase><testcase classname="scaldb.CoreArrayDoubleSpec" name="The coreArrayDouble class should have a getter with a default value if the key does not exists" time="0.001">
                                                 
                                               </testcase><testcase classname="scaldb.CoreArrayDoubleSpec" name="The coreArrayDouble class should have a setter overwrite key for double array" time="0.009">
                                                 
                                               </testcase>
                     <system-out></system-out>
                     <system-err></system-err>
                   </testsuite>